[debug] [2025-05-19T10:56:34.459Z] ----------------------------------------------------------------------
[debug] [2025-05-19T10:56:34.461Z] Command:       C:\Program Files\nodejs\node.exe C:\Users\akker\AppData\Roaming\npm\node_modules\firebase-tools\lib\bin\firebase.js deploy
[debug] [2025-05-19T10:56:34.462Z] CLI Version:   14.2.2
[debug] [2025-05-19T10:56:34.462Z] Platform:      win32
[debug] [2025-05-19T10:56:34.462Z] Node Version:  v20.12.2
[debug] [2025-05-19T10:56:34.462Z] Time:          Mon May 19 2025 10:56:34 GMT+0000 (Greenwich Mean Time)
[debug] [2025-05-19T10:56:34.462Z] ----------------------------------------------------------------------
[debug] 
[debug] [2025-05-19T10:56:34.464Z] >>> [apiv2][query] GET https://firebase-public.firebaseio.com/cli.json [none]
[debug] [2025-05-19T10:56:34.737Z] > command requires scopes: ["email","openid","https://www.googleapis.com/auth/cloudplatformprojects.readonly","https://www.googleapis.com/auth/firebase","https://www.googleapis.com/auth/cloud-platform"]
[debug] [2025-05-19T10:56:34.737Z] > authorizing via signed-in user (porazewska.illu@gmail.com)
[debug] [2025-05-19T10:56:34.738Z] [iam] checking project dzamillatyminska-a174f for permissions ["firebase.projects.get","firebasehosting.sites.update"]
[debug] [2025-05-19T10:56:34.738Z] Checked if tokens are valid: false, expires at: 1747519677146
[debug] [2025-05-19T10:56:34.739Z] Checked if tokens are valid: false, expires at: 1747519677146
[debug] [2025-05-19T10:56:34.739Z] > refreshing access token with scopes: []
[debug] [2025-05-19T10:56:34.740Z] >>> [apiv2][query] POST https://www.googleapis.com/oauth2/v3/token [none]
[debug] [2025-05-19T10:56:34.740Z] >>> [apiv2][body] POST https://www.googleapis.com/oauth2/v3/token [omitted]
[debug] [2025-05-19T10:56:35.011Z] <<< [apiv2][status] POST https://www.googleapis.com/oauth2/v3/token 200
[debug] [2025-05-19T10:56:35.011Z] <<< [apiv2][body] POST https://www.googleapis.com/oauth2/v3/token [omitted]
[debug] [2025-05-19T10:56:35.017Z] >>> [apiv2][query] POST https://cloudresourcemanager.googleapis.com/v1/projects/dzamillatyminska-a174f:testIamPermissions [none]
[debug] [2025-05-19T10:56:35.017Z] >>> [apiv2][(partial)header] POST https://cloudresourcemanager.googleapis.com/v1/projects/dzamillatyminska-a174f:testIamPermissions x-goog-quota-user=projects/dzamillatyminska-a174f
[debug] [2025-05-19T10:56:35.017Z] >>> [apiv2][body] POST https://cloudresourcemanager.googleapis.com/v1/projects/dzamillatyminska-a174f:testIamPermissions {"permissions":["firebase.projects.get","firebasehosting.sites.update"]}
[debug] [2025-05-19T10:56:35.126Z] <<< [apiv2][status] GET https://firebase-public.firebaseio.com/cli.json 200
[debug] [2025-05-19T10:56:35.126Z] <<< [apiv2][body] GET https://firebase-public.firebaseio.com/cli.json {"cloudBuildErrorAfter":1594252800000,"cloudBuildWarnAfter":1590019200000,"defaultNode10After":1594252800000,"minVersion":"3.0.5","node8DeploysDisabledAfter":1613390400000,"node8RuntimeDisabledAfter":1615809600000,"node8WarnAfter":1600128000000}
[debug] [2025-05-19T10:56:36.202Z] <<< [apiv2][status] POST https://cloudresourcemanager.googleapis.com/v1/projects/dzamillatyminska-a174f:testIamPermissions 200
[debug] [2025-05-19T10:56:36.202Z] <<< [apiv2][body] POST https://cloudresourcemanager.googleapis.com/v1/projects/dzamillatyminska-a174f:testIamPermissions {}
[debug] [2025-05-19T10:56:36.203Z] [iam] error while checking permissions, command may fail: Authorization failed. This account is missing the following required permissions on project dzamillatyminska-a174f:

  firebase.projects.get
  firebasehosting.sites.update
[debug] [2025-05-19T10:56:36.203Z] Checked if tokens are valid: true, expires at: 1747655794012
[debug] [2025-05-19T10:56:36.203Z] Checked if tokens are valid: true, expires at: 1747655794012
[debug] [2025-05-19T10:56:36.204Z] >>> [apiv2][query] GET https://firebase.googleapis.com/v1beta1/projects/dzamillatyminska-a174f [none]
[debug] [2025-05-19T10:56:36.843Z] <<< [apiv2][status] GET https://firebase.googleapis.com/v1beta1/projects/dzamillatyminska-a174f 403
[debug] [2025-05-19T10:56:36.843Z] <<< [apiv2][body] GET https://firebase.googleapis.com/v1beta1/projects/dzamillatyminska-a174f {"error":{"code":403,"message":"The caller does not have permission","status":"PERMISSION_DENIED"}}
[debug] [2025-05-19T10:56:36.844Z] Request to https://firebase.googleapis.com/v1beta1/projects/dzamillatyminska-a174f had HTTP Error: 403, The caller does not have permission
[debug] [2025-05-19T10:56:37.116Z] FirebaseError: Request to https://firebase.googleapis.com/v1beta1/projects/dzamillatyminska-a174f had HTTP Error: 403, The caller does not have permission
    at responseToError (C:\Users\akker\AppData\Roaming\npm\node_modules\firebase-tools\lib\responseToError.js:52:12)
    at RetryOperation._fn (C:\Users\akker\AppData\Roaming\npm\node_modules\firebase-tools\lib\apiv2.js:312:77)
    at process.processTicksAndRejections (node:internal/process/task_queues:95:5)
[error] 
[error] Error: Failed to get Firebase project dzamillatyminska-a174f. Please make sure the project exists and your account has permission to access it.
